[2025-11-04T13:34:28.725+0000] {local_task_job_runner.py:120} INFO - ::group::Pre task execution logs
[2025-11-04T13:34:28.795+0000] {taskinstance.py:2076} INFO - Dependencies all met for dep_context=non-requeueable deps ti=<TaskInstance: etl_pipeline.extract_data manual__2025-11-04T13:33:26.075627+00:00 [queued]>
[2025-11-04T13:34:28.811+0000] {taskinstance.py:2076} INFO - Dependencies all met for dep_context=requeueable deps ti=<TaskInstance: etl_pipeline.extract_data manual__2025-11-04T13:33:26.075627+00:00 [queued]>
[2025-11-04T13:34:28.813+0000] {taskinstance.py:2306} INFO - Starting attempt 1 of 1
[2025-11-04T13:34:28.842+0000] {taskinstance.py:2330} INFO - Executing <Task(PythonOperator): extract_data> on 2025-11-04 13:33:26.075627+00:00
[2025-11-04T13:34:28.862+0000] {standard_task_runner.py:90} INFO - Running: ['***', 'tasks', 'run', 'etl_pipeline', 'extract_data', 'manual__2025-11-04T13:33:26.075627+00:00', '--job-id', '77', '--raw', '--subdir', 'DAGS_FOLDER/Pipeline.py', '--cfg-path', '/tmp/tmp36u5y6bx']
[2025-11-04T13:34:28.866+0000] {standard_task_runner.py:91} INFO - Job 77: Subtask extract_data
[2025-11-04T13:34:28.867+0000] {logging_mixin.py:188} WARNING - /home/***/.local/lib/python3.12/site-packages/***/task/task_runner/standard_task_runner.py:61 DeprecationWarning: This process (pid=847) is multi-threaded, use of fork() may lead to deadlocks in the child.
[2025-11-04T13:34:28.868+0000] {standard_task_runner.py:63} INFO - Started process 848 to run task
[2025-11-04T13:34:28.974+0000] {task_command.py:426} INFO - Running <TaskInstance: etl_pipeline.extract_data manual__2025-11-04T13:33:26.075627+00:00 [running]> on host 948220e29537
[2025-11-04T13:34:29.115+0000] {taskinstance.py:2648} INFO - Exporting env vars: AIRFLOW_CTX_DAG_OWNER='***' AIRFLOW_CTX_DAG_ID='etl_pipeline' AIRFLOW_CTX_TASK_ID='extract_data' AIRFLOW_CTX_EXECUTION_DATE='2025-11-04T13:33:26.075627+00:00' AIRFLOW_CTX_TRY_NUMBER='1' AIRFLOW_CTX_DAG_RUN_ID='manual__2025-11-04T13:33:26.075627+00:00'
[2025-11-04T13:34:29.117+0000] {taskinstance.py:430} INFO - ::endgroup::
[2025-11-04T13:35:20.557+0000] {logging_mixin.py:188} INFO - STDOUT: 
[2025-11-04T13:35:20.558+0000] {logging_mixin.py:188} INFO - STDERR: 
[2025-11-04T13:35:20.558+0000] {python.py:237} INFO - Done. Returned value was: None
[2025-11-04T13:35:20.559+0000] {taskinstance.py:441} INFO - ::group::Post task execution logs
[2025-11-04T13:35:20.568+0000] {taskinstance.py:1206} INFO - Marking task as SUCCESS. dag_id=etl_pipeline, task_id=extract_data, run_id=manual__2025-11-04T13:33:26.075627+00:00, execution_date=20251104T133326, start_date=20251104T133428, end_date=20251104T133520
[2025-11-04T13:35:20.624+0000] {local_task_job_runner.py:240} INFO - Task exited with return code 0
[2025-11-04T13:35:20.651+0000] {taskinstance.py:3503} INFO - 1 downstream tasks scheduled from follow-on schedule check
[2025-11-04T13:35:20.654+0000] {local_task_job_runner.py:222} INFO - ::endgroup::
