[2025-11-04T14:15:59.269+0000] {local_task_job_runner.py:120} INFO - ::group::Pre task execution logs
[2025-11-04T14:15:59.326+0000] {taskinstance.py:2076} INFO - Dependencies all met for dep_context=non-requeueable deps ti=<TaskInstance: etl_pipeline.generate_data manual__2025-11-04T14:15:57.738088+00:00 [queued]>
[2025-11-04T14:15:59.350+0000] {taskinstance.py:2076} INFO - Dependencies all met for dep_context=requeueable deps ti=<TaskInstance: etl_pipeline.generate_data manual__2025-11-04T14:15:57.738088+00:00 [queued]>
[2025-11-04T14:15:59.351+0000] {taskinstance.py:2306} INFO - Starting attempt 1 of 1
[2025-11-04T14:15:59.379+0000] {taskinstance.py:2330} INFO - Executing <Task(PythonOperator): generate_data> on 2025-11-04 14:15:57.738088+00:00
[2025-11-04T14:15:59.394+0000] {standard_task_runner.py:90} INFO - Running: ['***', 'tasks', 'run', 'etl_pipeline', 'generate_data', 'manual__2025-11-04T14:15:57.738088+00:00', '--job-id', '94', '--raw', '--subdir', 'DAGS_FOLDER/Pipeline.py', '--cfg-path', '/tmp/tmpru1xq6i_']
[2025-11-04T14:15:59.405+0000] {standard_task_runner.py:91} INFO - Job 94: Subtask generate_data
[2025-11-04T14:15:59.406+0000] {logging_mixin.py:188} WARNING - /home/***/.local/lib/python3.12/site-packages/***/task/task_runner/standard_task_runner.py:61 DeprecationWarning: This process (pid=1716) is multi-threaded, use of fork() may lead to deadlocks in the child.
[2025-11-04T14:15:59.407+0000] {standard_task_runner.py:63} INFO - Started process 1717 to run task
[2025-11-04T14:15:59.525+0000] {task_command.py:426} INFO - Running <TaskInstance: etl_pipeline.generate_data manual__2025-11-04T14:15:57.738088+00:00 [running]> on host 948220e29537
[2025-11-04T14:15:59.771+0000] {taskinstance.py:2648} INFO - Exporting env vars: AIRFLOW_CTX_DAG_OWNER='***' AIRFLOW_CTX_DAG_ID='etl_pipeline' AIRFLOW_CTX_TASK_ID='generate_data' AIRFLOW_CTX_EXECUTION_DATE='2025-11-04T14:15:57.738088+00:00' AIRFLOW_CTX_TRY_NUMBER='1' AIRFLOW_CTX_DAG_RUN_ID='manual__2025-11-04T14:15:57.738088+00:00'
[2025-11-04T14:15:59.773+0000] {taskinstance.py:430} INFO - ::endgroup::
[2025-11-04T14:16:14.473+0000] {logging_mixin.py:188} INFO - STDOUT: Sent Record to East Africa
Sent Record to South USA
[2025-11-04T14:16:14.474+0000] {logging_mixin.py:188} INFO - STDERR: 
[2025-11-04T14:16:14.474+0000] {python.py:237} INFO - Done. Returned value was: None
[2025-11-04T14:16:14.475+0000] {taskinstance.py:441} INFO - ::group::Post task execution logs
[2025-11-04T14:16:14.494+0000] {taskinstance.py:1206} INFO - Marking task as SUCCESS. dag_id=etl_pipeline, task_id=generate_data, run_id=manual__2025-11-04T14:15:57.738088+00:00, execution_date=20251104T141557, start_date=20251104T141559, end_date=20251104T141614
[2025-11-04T14:16:14.542+0000] {local_task_job_runner.py:240} INFO - Task exited with return code 0
[2025-11-04T14:16:14.582+0000] {taskinstance.py:3503} INFO - 1 downstream tasks scheduled from follow-on schedule check
[2025-11-04T14:16:14.585+0000] {local_task_job_runner.py:222} INFO - ::endgroup::
