[2025-11-04T14:24:51.489+0000] {local_task_job_runner.py:120} INFO - ::group::Pre task execution logs
[2025-11-04T14:24:51.930+0000] {taskinstance.py:2076} INFO - Dependencies all met for dep_context=non-requeueable deps ti=<TaskInstance: etl_pipeline.generate_data manual__2025-11-04T14:24:47.559933+00:00 [queued]>
[2025-11-04T14:24:51.958+0000] {taskinstance.py:2076} INFO - Dependencies all met for dep_context=requeueable deps ti=<TaskInstance: etl_pipeline.generate_data manual__2025-11-04T14:24:47.559933+00:00 [queued]>
[2025-11-04T14:24:51.959+0000] {taskinstance.py:2306} INFO - Starting attempt 1 of 1
[2025-11-04T14:24:51.998+0000] {taskinstance.py:2330} INFO - Executing <Task(PythonOperator): generate_data> on 2025-11-04 14:24:47.559933+00:00
[2025-11-04T14:24:52.033+0000] {standard_task_runner.py:90} INFO - Running: ['***', 'tasks', 'run', 'etl_pipeline', 'generate_data', 'manual__2025-11-04T14:24:47.559933+00:00', '--job-id', '98', '--raw', '--subdir', 'DAGS_FOLDER/Pipeline.py', '--cfg-path', '/tmp/tmp1oco6gvm']
[2025-11-04T14:24:52.039+0000] {standard_task_runner.py:91} INFO - Job 98: Subtask generate_data
[2025-11-04T14:24:52.058+0000] {logging_mixin.py:188} WARNING - /home/***/.local/lib/python3.12/site-packages/***/task/task_runner/standard_task_runner.py:61 DeprecationWarning: This process (pid=1971) is multi-threaded, use of fork() may lead to deadlocks in the child.
[2025-11-04T14:24:52.060+0000] {standard_task_runner.py:63} INFO - Started process 1972 to run task
[2025-11-04T14:24:52.201+0000] {task_command.py:426} INFO - Running <TaskInstance: etl_pipeline.generate_data manual__2025-11-04T14:24:47.559933+00:00 [running]> on host 948220e29537
[2025-11-04T14:24:52.498+0000] {taskinstance.py:2648} INFO - Exporting env vars: AIRFLOW_CTX_DAG_OWNER='***' AIRFLOW_CTX_DAG_ID='etl_pipeline' AIRFLOW_CTX_TASK_ID='generate_data' AIRFLOW_CTX_EXECUTION_DATE='2025-11-04T14:24:47.559933+00:00' AIRFLOW_CTX_TRY_NUMBER='1' AIRFLOW_CTX_DAG_RUN_ID='manual__2025-11-04T14:24:47.559933+00:00'
[2025-11-04T14:24:52.501+0000] {taskinstance.py:430} INFO - ::endgroup::
[2025-11-04T14:24:55.864+0000] {logging_mixin.py:188} INFO - STDOUT: 
[2025-11-04T14:24:55.866+0000] {logging_mixin.py:188} INFO - STDERR: Traceback (most recent call last):
  File "/opt/***/dags/DataGenerator.py", line 20, in <module>
    dataSource = pd.read_csv("/opt/***/data/source.csv")
                 ^^^^^^^^^^^^^^^^^^^^^^^^^^^^^^^^^^^^^^^^^^^
  File "/home/***/.local/lib/python3.12/site-packages/pandas/io/parsers/readers.py", line 948, in read_csv
    return _read(filepath_or_buffer, kwds)
           ^^^^^^^^^^^^^^^^^^^^^^^^^^^^^^^
  File "/home/***/.local/lib/python3.12/site-packages/pandas/io/parsers/readers.py", line 611, in _read
    parser = TextFileReader(filepath_or_buffer, **kwds)
             ^^^^^^^^^^^^^^^^^^^^^^^^^^^^^^^^^^^^^^^^^^
  File "/home/***/.local/lib/python3.12/site-packages/pandas/io/parsers/readers.py", line 1448, in __init__
    self._engine = self._make_engine(f, self.engine)
                   ^^^^^^^^^^^^^^^^^^^^^^^^^^^^^^^^^
  File "/home/***/.local/lib/python3.12/site-packages/pandas/io/parsers/readers.py", line 1705, in _make_engine
    self.handles = get_handle(
                   ^^^^^^^^^^^
  File "/home/***/.local/lib/python3.12/site-packages/pandas/io/common.py", line 863, in get_handle
    handle = open(
             ^^^^^
FileNotFoundError: [Errno 2] No such file or directory: '/opt/***/data/source.csv'
[2025-11-04T14:24:55.867+0000] {taskinstance.py:441} INFO - ::group::Post task execution logs
[2025-11-04T14:24:55.868+0000] {taskinstance.py:2905} ERROR - Task failed with exception
Traceback (most recent call last):
  File "/home/airflow/.local/lib/python3.12/site-packages/airflow/models/taskinstance.py", line 465, in _execute_task
    result = _execute_callable(context=context, **execute_callable_kwargs)
             ^^^^^^^^^^^^^^^^^^^^^^^^^^^^^^^^^^^^^^^^^^^^^^^^^^^^^^^^^^^^^
  File "/home/airflow/.local/lib/python3.12/site-packages/airflow/models/taskinstance.py", line 432, in _execute_callable
    return execute_callable(context=context, **execute_callable_kwargs)
           ^^^^^^^^^^^^^^^^^^^^^^^^^^^^^^^^^^^^^^^^^^^^^^^^^^^^^^^^^^^^
  File "/home/airflow/.local/lib/python3.12/site-packages/airflow/models/baseoperator.py", line 401, in wrapper
    return func(self, *args, **kwargs)
           ^^^^^^^^^^^^^^^^^^^^^^^^^^^
  File "/home/airflow/.local/lib/python3.12/site-packages/airflow/operators/python.py", line 235, in execute
    return_value = self.execute_callable()
                   ^^^^^^^^^^^^^^^^^^^^^^^
  File "/home/airflow/.local/lib/python3.12/site-packages/airflow/operators/python.py", line 252, in execute_callable
    return self.python_callable(*self.op_args, **self.op_kwargs)
           ^^^^^^^^^^^^^^^^^^^^^^^^^^^^^^^^^^^^^^^^^^^^^^^^^^^^^
  File "/opt/airflow/dags/Pipeline.py", line 38, in run_data_generator
    result.check_returncode()
  File "/usr/local/lib/python3.12/subprocess.py", line 502, in check_returncode
    raise CalledProcessError(self.returncode, self.args, self.stdout,
subprocess.CalledProcessError: Command '['python', '/opt/airflow/dags/DataGenerator.py']' returned non-zero exit status 1.
[2025-11-04T14:24:55.911+0000] {taskinstance.py:1206} INFO - Marking task as FAILED. dag_id=etl_pipeline, task_id=generate_data, run_id=manual__2025-11-04T14:24:47.559933+00:00, execution_date=20251104T142447, start_date=20251104T142451, end_date=20251104T142455
[2025-11-04T14:24:55.943+0000] {standard_task_runner.py:110} ERROR - Failed to execute job 98 for task generate_data (Command '['python', '/opt/airflow/dags/DataGenerator.py']' returned non-zero exit status 1.; 1972)
[2025-11-04T14:24:55.986+0000] {local_task_job_runner.py:240} INFO - Task exited with return code 1
[2025-11-04T14:24:56.027+0000] {taskinstance.py:3503} INFO - 0 downstream tasks scheduled from follow-on schedule check
[2025-11-04T14:24:56.046+0000] {local_task_job_runner.py:222} INFO - ::endgroup::
