[2025-11-04T13:46:27.207+0000] {local_task_job_runner.py:120} INFO - ::group::Pre task execution logs
[2025-11-04T13:46:27.303+0000] {taskinstance.py:2076} INFO - Dependencies all met for dep_context=non-requeueable deps ti=<TaskInstance: etl_pipeline.generate_data manual__2025-11-04T13:46:26.381588+00:00 [queued]>
[2025-11-04T13:46:27.329+0000] {taskinstance.py:2076} INFO - Dependencies all met for dep_context=requeueable deps ti=<TaskInstance: etl_pipeline.generate_data manual__2025-11-04T13:46:26.381588+00:00 [queued]>
[2025-11-04T13:46:27.332+0000] {taskinstance.py:2306} INFO - Starting attempt 1 of 1
[2025-11-04T13:46:27.366+0000] {taskinstance.py:2330} INFO - Executing <Task(PythonOperator): generate_data> on 2025-11-04 13:46:26.381588+00:00
[2025-11-04T13:46:27.396+0000] {standard_task_runner.py:90} INFO - Running: ['***', 'tasks', 'run', 'etl_pipeline', 'generate_data', 'manual__2025-11-04T13:46:26.381588+00:00', '--job-id', '84', '--raw', '--subdir', 'DAGS_FOLDER/Pipeline.py', '--cfg-path', '/tmp/tmpmyb8o8ci']
[2025-11-04T13:46:27.402+0000] {logging_mixin.py:188} WARNING - /home/***/.local/lib/python3.12/site-packages/***/task/task_runner/standard_task_runner.py:61 DeprecationWarning: This process (pid=1082) is multi-threaded, use of fork() may lead to deadlocks in the child.
[2025-11-04T13:46:27.405+0000] {standard_task_runner.py:91} INFO - Job 84: Subtask generate_data
[2025-11-04T13:46:27.405+0000] {standard_task_runner.py:63} INFO - Started process 1083 to run task
[2025-11-04T13:46:27.535+0000] {task_command.py:426} INFO - Running <TaskInstance: etl_pipeline.generate_data manual__2025-11-04T13:46:26.381588+00:00 [running]> on host 948220e29537
[2025-11-04T13:46:27.680+0000] {taskinstance.py:2648} INFO - Exporting env vars: AIRFLOW_CTX_DAG_OWNER='***' AIRFLOW_CTX_DAG_ID='etl_pipeline' AIRFLOW_CTX_TASK_ID='generate_data' AIRFLOW_CTX_EXECUTION_DATE='2025-11-04T13:46:26.381588+00:00' AIRFLOW_CTX_TRY_NUMBER='1' AIRFLOW_CTX_DAG_RUN_ID='manual__2025-11-04T13:46:26.381588+00:00'
[2025-11-04T13:46:27.681+0000] {taskinstance.py:430} INFO - ::endgroup::
[2025-11-04T13:47:27.709+0000] {taskinstance.py:441} INFO - ::group::Post task execution logs
[2025-11-04T13:47:27.711+0000] {taskinstance.py:2905} ERROR - Task failed with exception
Traceback (most recent call last):
  File "/home/airflow/.local/lib/python3.12/site-packages/airflow/models/taskinstance.py", line 465, in _execute_task
    result = _execute_callable(context=context, **execute_callable_kwargs)
             ^^^^^^^^^^^^^^^^^^^^^^^^^^^^^^^^^^^^^^^^^^^^^^^^^^^^^^^^^^^^^
  File "/home/airflow/.local/lib/python3.12/site-packages/airflow/models/taskinstance.py", line 432, in _execute_callable
    return execute_callable(context=context, **execute_callable_kwargs)
           ^^^^^^^^^^^^^^^^^^^^^^^^^^^^^^^^^^^^^^^^^^^^^^^^^^^^^^^^^^^^
  File "/home/airflow/.local/lib/python3.12/site-packages/airflow/models/baseoperator.py", line 401, in wrapper
    return func(self, *args, **kwargs)
           ^^^^^^^^^^^^^^^^^^^^^^^^^^^
  File "/home/airflow/.local/lib/python3.12/site-packages/airflow/operators/python.py", line 235, in execute
    return_value = self.execute_callable()
                   ^^^^^^^^^^^^^^^^^^^^^^^
  File "/home/airflow/.local/lib/python3.12/site-packages/airflow/operators/python.py", line 252, in execute_callable
    return self.python_callable(*self.op_args, **self.op_kwargs)
           ^^^^^^^^^^^^^^^^^^^^^^^^^^^^^^^^^^^^^^^^^^^^^^^^^^^^^
  File "/opt/airflow/dags/Pipeline.py", line 55, in run_data_generator
    check_kafka_messages()
  File "/opt/airflow/dags/Pipeline.py", line 26, in check_kafka_messages
    consumer = Consumer(
               ^^^^^^^^^
TypeError: expected configuration dict
[2025-11-04T13:47:27.736+0000] {taskinstance.py:1206} INFO - Marking task as FAILED. dag_id=etl_pipeline, task_id=generate_data, run_id=manual__2025-11-04T13:46:26.381588+00:00, execution_date=20251104T134626, start_date=20251104T134627, end_date=20251104T134727
[2025-11-04T13:47:27.760+0000] {standard_task_runner.py:110} ERROR - Failed to execute job 84 for task generate_data (expected configuration dict; 1083)
[2025-11-04T13:47:27.769+0000] {local_task_job_runner.py:240} INFO - Task exited with return code 1
[2025-11-04T13:47:27.797+0000] {taskinstance.py:3503} INFO - 0 downstream tasks scheduled from follow-on schedule check
[2025-11-04T13:47:27.803+0000] {local_task_job_runner.py:222} INFO - ::endgroup::
