[2025-11-04T09:49:48.084+0000] {local_task_job_runner.py:120} INFO - ::group::Pre task execution logs
[2025-11-04T09:49:48.177+0000] {taskinstance.py:2076} INFO - Dependencies all met for dep_context=non-requeueable deps ti=<TaskInstance: etl_pipeline.extract_data manual__2025-11-04T09:48:39.055828+00:00 [queued]>
[2025-11-04T09:49:48.196+0000] {taskinstance.py:2076} INFO - Dependencies all met for dep_context=requeueable deps ti=<TaskInstance: etl_pipeline.extract_data manual__2025-11-04T09:48:39.055828+00:00 [queued]>
[2025-11-04T09:49:48.197+0000] {taskinstance.py:2306} INFO - Starting attempt 1 of 1
[2025-11-04T09:49:48.214+0000] {taskinstance.py:2330} INFO - Executing <Task(PythonOperator): extract_data> on 2025-11-04 09:48:39.055828+00:00
[2025-11-04T09:49:48.224+0000] {standard_task_runner.py:90} INFO - Running: ['***', 'tasks', 'run', 'etl_pipeline', 'extract_data', 'manual__2025-11-04T09:48:39.055828+00:00', '--job-id', '11', '--raw', '--subdir', 'DAGS_FOLDER/Pipeline.py', '--cfg-path', '/tmp/tmp9zczl0cg']
[2025-11-04T09:49:48.229+0000] {standard_task_runner.py:91} INFO - Job 11: Subtask extract_data
[2025-11-04T09:49:48.237+0000] {logging_mixin.py:188} WARNING - /home/***/.local/lib/python3.12/site-packages/***/task/task_runner/standard_task_runner.py:61 DeprecationWarning: This process (pid=755) is multi-threaded, use of fork() may lead to deadlocks in the child.
[2025-11-04T09:49:48.238+0000] {standard_task_runner.py:63} INFO - Started process 756 to run task
[2025-11-04T09:49:48.334+0000] {task_command.py:426} INFO - Running <TaskInstance: etl_pipeline.extract_data manual__2025-11-04T09:48:39.055828+00:00 [running]> on host b1bf4b04ab78
[2025-11-04T09:49:48.523+0000] {taskinstance.py:2648} INFO - Exporting env vars: AIRFLOW_CTX_DAG_OWNER='***' AIRFLOW_CTX_DAG_ID='etl_pipeline' AIRFLOW_CTX_TASK_ID='extract_data' AIRFLOW_CTX_EXECUTION_DATE='2025-11-04T09:48:39.055828+00:00' AIRFLOW_CTX_TRY_NUMBER='1' AIRFLOW_CTX_DAG_RUN_ID='manual__2025-11-04T09:48:39.055828+00:00'
[2025-11-04T09:49:48.526+0000] {taskinstance.py:430} INFO - ::endgroup::
[2025-11-04T09:49:48.706+0000] {taskinstance.py:441} INFO - ::group::Post task execution logs
[2025-11-04T09:49:48.707+0000] {taskinstance.py:2905} ERROR - Task failed with exception
Traceback (most recent call last):
  File "/home/airflow/.local/lib/python3.12/site-packages/airflow/models/taskinstance.py", line 465, in _execute_task
    result = _execute_callable(context=context, **execute_callable_kwargs)
             ^^^^^^^^^^^^^^^^^^^^^^^^^^^^^^^^^^^^^^^^^^^^^^^^^^^^^^^^^^^^^
  File "/home/airflow/.local/lib/python3.12/site-packages/airflow/models/taskinstance.py", line 432, in _execute_callable
    return execute_callable(context=context, **execute_callable_kwargs)
           ^^^^^^^^^^^^^^^^^^^^^^^^^^^^^^^^^^^^^^^^^^^^^^^^^^^^^^^^^^^^
  File "/home/airflow/.local/lib/python3.12/site-packages/airflow/models/baseoperator.py", line 401, in wrapper
    return func(self, *args, **kwargs)
           ^^^^^^^^^^^^^^^^^^^^^^^^^^^
  File "/home/airflow/.local/lib/python3.12/site-packages/airflow/operators/python.py", line 235, in execute
    return_value = self.execute_callable()
                   ^^^^^^^^^^^^^^^^^^^^^^^
  File "/home/airflow/.local/lib/python3.12/site-packages/airflow/operators/python.py", line 252, in execute_callable
    return self.python_callable(*self.op_args, **self.op_kwargs)
           ^^^^^^^^^^^^^^^^^^^^^^^^^^^^^^^^^^^^^^^^^^^^^^^^^^^^^
  File "/opt/airflow/dags/Pipeline.py", line 36, in run_extract
    result = subprocess.run(["python", script_path], check=True, capture_output=True, text=True)
             ^^^^^^^^^^^^^^^^^^^^^^^^^^^^^^^^^^^^^^^^^^^^^^^^^^^^^^^^^^^^^^^^^^^^^^^^^^^^^^^^^^^
  File "/usr/local/lib/python3.12/subprocess.py", line 571, in run
    raise CalledProcessError(retcode, process.args,
subprocess.CalledProcessError: Command '['python', '/opt/airflow/dags/ExtractData.py']' returned non-zero exit status 2.
[2025-11-04T09:49:48.731+0000] {taskinstance.py:1206} INFO - Marking task as FAILED. dag_id=etl_pipeline, task_id=extract_data, run_id=manual__2025-11-04T09:48:39.055828+00:00, execution_date=20251104T094839, start_date=20251104T094948, end_date=20251104T094948
[2025-11-04T09:49:48.746+0000] {standard_task_runner.py:110} ERROR - Failed to execute job 11 for task extract_data (Command '['python', '/opt/airflow/dags/ExtractData.py']' returned non-zero exit status 2.; 756)
[2025-11-04T09:49:48.776+0000] {local_task_job_runner.py:240} INFO - Task exited with return code 1
[2025-11-04T09:49:48.806+0000] {taskinstance.py:3503} INFO - 0 downstream tasks scheduled from follow-on schedule check
[2025-11-04T09:49:48.812+0000] {local_task_job_runner.py:222} INFO - ::endgroup::
