[2025-11-04T09:52:02.462+0000] {local_task_job_runner.py:120} INFO - ::group::Pre task execution logs
[2025-11-04T09:52:02.556+0000] {taskinstance.py:2076} INFO - Dependencies all met for dep_context=non-requeueable deps ti=<TaskInstance: etl_pipeline.extract_data manual__2025-11-04T09:48:39.055828+00:00 [queued]>
[2025-11-04T09:52:02.573+0000] {taskinstance.py:2076} INFO - Dependencies all met for dep_context=requeueable deps ti=<TaskInstance: etl_pipeline.extract_data manual__2025-11-04T09:48:39.055828+00:00 [queued]>
[2025-11-04T09:52:02.574+0000] {taskinstance.py:2306} INFO - Starting attempt 2 of 2
[2025-11-04T09:52:02.598+0000] {taskinstance.py:2330} INFO - Executing <Task(PythonOperator): extract_data> on 2025-11-04 09:48:39.055828+00:00
[2025-11-04T09:52:02.616+0000] {standard_task_runner.py:90} INFO - Running: ['***', 'tasks', 'run', 'etl_pipeline', 'extract_data', 'manual__2025-11-04T09:48:39.055828+00:00', '--job-id', '12', '--raw', '--subdir', 'DAGS_FOLDER/Pipeline.py', '--cfg-path', '/tmp/tmp02lrzl8m']
[2025-11-04T09:52:02.623+0000] {standard_task_runner.py:91} INFO - Job 12: Subtask extract_data
[2025-11-04T09:52:02.630+0000] {logging_mixin.py:188} WARNING - /home/***/.local/lib/python3.12/site-packages/***/task/task_runner/standard_task_runner.py:61 DeprecationWarning: This process (pid=778) is multi-threaded, use of fork() may lead to deadlocks in the child.
[2025-11-04T09:52:02.632+0000] {standard_task_runner.py:63} INFO - Started process 779 to run task
[2025-11-04T09:52:02.736+0000] {task_command.py:426} INFO - Running <TaskInstance: etl_pipeline.extract_data manual__2025-11-04T09:48:39.055828+00:00 [running]> on host b1bf4b04ab78
[2025-11-04T09:52:02.900+0000] {taskinstance.py:2648} INFO - Exporting env vars: AIRFLOW_CTX_DAG_OWNER='***' AIRFLOW_CTX_DAG_ID='etl_pipeline' AIRFLOW_CTX_TASK_ID='extract_data' AIRFLOW_CTX_EXECUTION_DATE='2025-11-04T09:48:39.055828+00:00' AIRFLOW_CTX_TRY_NUMBER='2' AIRFLOW_CTX_DAG_RUN_ID='manual__2025-11-04T09:48:39.055828+00:00'
[2025-11-04T09:52:02.903+0000] {taskinstance.py:430} INFO - ::endgroup::
[2025-11-04T09:52:03.104+0000] {taskinstance.py:441} INFO - ::group::Post task execution logs
[2025-11-04T09:52:03.106+0000] {taskinstance.py:2905} ERROR - Task failed with exception
Traceback (most recent call last):
  File "/home/airflow/.local/lib/python3.12/site-packages/airflow/models/taskinstance.py", line 465, in _execute_task
    result = _execute_callable(context=context, **execute_callable_kwargs)
             ^^^^^^^^^^^^^^^^^^^^^^^^^^^^^^^^^^^^^^^^^^^^^^^^^^^^^^^^^^^^^
  File "/home/airflow/.local/lib/python3.12/site-packages/airflow/models/taskinstance.py", line 432, in _execute_callable
    return execute_callable(context=context, **execute_callable_kwargs)
           ^^^^^^^^^^^^^^^^^^^^^^^^^^^^^^^^^^^^^^^^^^^^^^^^^^^^^^^^^^^^
  File "/home/airflow/.local/lib/python3.12/site-packages/airflow/models/baseoperator.py", line 401, in wrapper
    return func(self, *args, **kwargs)
           ^^^^^^^^^^^^^^^^^^^^^^^^^^^
  File "/home/airflow/.local/lib/python3.12/site-packages/airflow/operators/python.py", line 235, in execute
    return_value = self.execute_callable()
                   ^^^^^^^^^^^^^^^^^^^^^^^
  File "/home/airflow/.local/lib/python3.12/site-packages/airflow/operators/python.py", line 252, in execute_callable
    return self.python_callable(*self.op_args, **self.op_kwargs)
           ^^^^^^^^^^^^^^^^^^^^^^^^^^^^^^^^^^^^^^^^^^^^^^^^^^^^^
  File "/opt/airflow/dags/Pipeline.py", line 36, in run_extract
    result = subprocess.run(["python", script_path], check=True, capture_output=True, text=True)
             ^^^^^^^^^^^^^^^^^^^^^^^^^^^^^^^^^^^^^^^^^^^^^^^^^^^^^^^^^^^^^^^^^^^^^^^^^^^^^^^^^^^
  File "/usr/local/lib/python3.12/subprocess.py", line 571, in run
    raise CalledProcessError(retcode, process.args,
subprocess.CalledProcessError: Command '['python', '/opt/airflow/dags/ExtractData.py']' returned non-zero exit status 2.
[2025-11-04T09:52:03.134+0000] {taskinstance.py:1206} INFO - Marking task as FAILED. dag_id=etl_pipeline, task_id=extract_data, run_id=manual__2025-11-04T09:48:39.055828+00:00, execution_date=20251104T094839, start_date=20251104T095202, end_date=20251104T095203
[2025-11-04T09:52:03.157+0000] {standard_task_runner.py:110} ERROR - Failed to execute job 12 for task extract_data (Command '['python', '/opt/airflow/dags/ExtractData.py']' returned non-zero exit status 2.; 779)
[2025-11-04T09:52:03.173+0000] {local_task_job_runner.py:240} INFO - Task exited with return code 1
[2025-11-04T09:52:03.218+0000] {taskinstance.py:3503} INFO - 0 downstream tasks scheduled from follow-on schedule check
[2025-11-04T09:52:03.225+0000] {local_task_job_runner.py:222} INFO - ::endgroup::
