[2025-11-04T13:23:14.647+0000] {local_task_job_runner.py:120} INFO - ::group::Pre task execution logs
[2025-11-04T13:23:14.712+0000] {taskinstance.py:2076} INFO - Dependencies all met for dep_context=non-requeueable deps ti=<TaskInstance: etl_pipeline.extract_data manual__2025-11-04T13:23:05.318232+00:00 [queued]>
[2025-11-04T13:23:14.725+0000] {taskinstance.py:2076} INFO - Dependencies all met for dep_context=requeueable deps ti=<TaskInstance: etl_pipeline.extract_data manual__2025-11-04T13:23:05.318232+00:00 [queued]>
[2025-11-04T13:23:14.728+0000] {taskinstance.py:2306} INFO - Starting attempt 1 of 1
[2025-11-04T13:23:14.761+0000] {taskinstance.py:2330} INFO - Executing <Task(PythonOperator): extract_data> on 2025-11-04 13:23:05.318232+00:00
[2025-11-04T13:23:14.796+0000] {standard_task_runner.py:90} INFO - Running: ['***', 'tasks', 'run', 'etl_pipeline', 'extract_data', 'manual__2025-11-04T13:23:05.318232+00:00', '--job-id', '69', '--raw', '--subdir', 'DAGS_FOLDER/Pipeline.py', '--cfg-path', '/tmp/tmpu5dw8dxb']
[2025-11-04T13:23:14.801+0000] {standard_task_runner.py:91} INFO - Job 69: Subtask extract_data
[2025-11-04T13:23:14.809+0000] {logging_mixin.py:188} WARNING - /home/***/.local/lib/python3.12/site-packages/***/task/task_runner/standard_task_runner.py:61 DeprecationWarning: This process (pid=583) is multi-threaded, use of fork() may lead to deadlocks in the child.
[2025-11-04T13:23:14.811+0000] {standard_task_runner.py:63} INFO - Started process 584 to run task
[2025-11-04T13:23:14.956+0000] {task_command.py:426} INFO - Running <TaskInstance: etl_pipeline.extract_data manual__2025-11-04T13:23:05.318232+00:00 [running]> on host 948220e29537
[2025-11-04T13:23:15.121+0000] {taskinstance.py:2648} INFO - Exporting env vars: AIRFLOW_CTX_DAG_OWNER='***' AIRFLOW_CTX_DAG_ID='etl_pipeline' AIRFLOW_CTX_TASK_ID='extract_data' AIRFLOW_CTX_EXECUTION_DATE='2025-11-04T13:23:05.318232+00:00' AIRFLOW_CTX_TRY_NUMBER='1' AIRFLOW_CTX_DAG_RUN_ID='manual__2025-11-04T13:23:05.318232+00:00'
[2025-11-04T13:23:15.122+0000] {taskinstance.py:430} INFO - ::endgroup::
[2025-11-04T13:23:15.349+0000] {logging_mixin.py:188} INFO - STDOUT: 
[2025-11-04T13:23:15.350+0000] {logging_mixin.py:188} INFO - STDERR: python: can't open file '/opt/***/dags/ExtractData.py': [Errno 2] No such file or directory
[2025-11-04T13:23:15.352+0000] {taskinstance.py:441} INFO - ::group::Post task execution logs
[2025-11-04T13:23:15.353+0000] {taskinstance.py:2905} ERROR - Task failed with exception
Traceback (most recent call last):
  File "/home/airflow/.local/lib/python3.12/site-packages/airflow/models/taskinstance.py", line 465, in _execute_task
    result = _execute_callable(context=context, **execute_callable_kwargs)
             ^^^^^^^^^^^^^^^^^^^^^^^^^^^^^^^^^^^^^^^^^^^^^^^^^^^^^^^^^^^^^
  File "/home/airflow/.local/lib/python3.12/site-packages/airflow/models/taskinstance.py", line 432, in _execute_callable
    return execute_callable(context=context, **execute_callable_kwargs)
           ^^^^^^^^^^^^^^^^^^^^^^^^^^^^^^^^^^^^^^^^^^^^^^^^^^^^^^^^^^^^
  File "/home/airflow/.local/lib/python3.12/site-packages/airflow/models/baseoperator.py", line 401, in wrapper
    return func(self, *args, **kwargs)
           ^^^^^^^^^^^^^^^^^^^^^^^^^^^
  File "/home/airflow/.local/lib/python3.12/site-packages/airflow/operators/python.py", line 235, in execute
    return_value = self.execute_callable()
                   ^^^^^^^^^^^^^^^^^^^^^^^
  File "/home/airflow/.local/lib/python3.12/site-packages/airflow/operators/python.py", line 252, in execute_callable
    return self.python_callable(*self.op_args, **self.op_kwargs)
           ^^^^^^^^^^^^^^^^^^^^^^^^^^^^^^^^^^^^^^^^^^^^^^^^^^^^^
  File "/opt/airflow/dags/Pipeline.py", line 47, in run_extract
    result.check_returncode()
  File "/usr/local/lib/python3.12/subprocess.py", line 502, in check_returncode
    raise CalledProcessError(self.returncode, self.args, self.stdout,
subprocess.CalledProcessError: Command '['python', '/opt/airflow/dags/ExtractData.py']' returned non-zero exit status 2.
[2025-11-04T13:23:15.412+0000] {taskinstance.py:1206} INFO - Marking task as FAILED. dag_id=etl_pipeline, task_id=extract_data, run_id=manual__2025-11-04T13:23:05.318232+00:00, execution_date=20251104T132305, start_date=20251104T132314, end_date=20251104T132315
[2025-11-04T13:23:15.443+0000] {standard_task_runner.py:110} ERROR - Failed to execute job 69 for task extract_data (Command '['python', '/opt/airflow/dags/ExtractData.py']' returned non-zero exit status 2.; 584)
[2025-11-04T13:23:15.471+0000] {local_task_job_runner.py:240} INFO - Task exited with return code 1
[2025-11-04T13:23:15.507+0000] {taskinstance.py:3503} INFO - 0 downstream tasks scheduled from follow-on schedule check
[2025-11-04T13:23:15.515+0000] {local_task_job_runner.py:222} INFO - ::endgroup::
