[2025-11-04T12:06:15.362+0000] {local_task_job_runner.py:120} INFO - ::group::Pre task execution logs
[2025-11-04T12:06:15.687+0000] {taskinstance.py:2076} INFO - Dependencies all met for dep_context=non-requeueable deps ti=<TaskInstance: etl_pipeline.generate_data manual__2025-11-04T12:06:12.106193+00:00 [queued]>
[2025-11-04T12:06:15.767+0000] {taskinstance.py:2076} INFO - Dependencies all met for dep_context=requeueable deps ti=<TaskInstance: etl_pipeline.generate_data manual__2025-11-04T12:06:12.106193+00:00 [queued]>
[2025-11-04T12:06:15.821+0000] {taskinstance.py:2306} INFO - Starting attempt 1 of 1
[2025-11-04T12:06:16.019+0000] {taskinstance.py:2330} INFO - Executing <Task(PythonOperator): generate_data> on 2025-11-04 12:06:12.106193+00:00
[2025-11-04T12:06:16.128+0000] {standard_task_runner.py:90} INFO - Running: ['***', 'tasks', 'run', 'etl_pipeline', 'generate_data', 'manual__2025-11-04T12:06:12.106193+00:00', '--job-id', '26', '--raw', '--subdir', 'DAGS_FOLDER/Pipeline.py', '--cfg-path', '/tmp/tmpbnge13co']
[2025-11-04T12:06:16.138+0000] {standard_task_runner.py:91} INFO - Job 26: Subtask generate_data
[2025-11-04T12:06:16.159+0000] {logging_mixin.py:188} WARNING - /home/***/.local/lib/python3.12/site-packages/***/task/task_runner/standard_task_runner.py:61 DeprecationWarning: This process (pid=624) is multi-threaded, use of fork() may lead to deadlocks in the child.
[2025-11-04T12:06:16.161+0000] {standard_task_runner.py:63} INFO - Started process 625 to run task
[2025-11-04T12:06:16.749+0000] {task_command.py:426} INFO - Running <TaskInstance: etl_pipeline.generate_data manual__2025-11-04T12:06:12.106193+00:00 [running]> on host a657518b2a5e
[2025-11-04T12:06:17.508+0000] {taskinstance.py:2648} INFO - Exporting env vars: AIRFLOW_CTX_DAG_OWNER='***' AIRFLOW_CTX_DAG_ID='etl_pipeline' AIRFLOW_CTX_TASK_ID='generate_data' AIRFLOW_CTX_EXECUTION_DATE='2025-11-04T12:06:12.106193+00:00' AIRFLOW_CTX_TRY_NUMBER='1' AIRFLOW_CTX_DAG_RUN_ID='manual__2025-11-04T12:06:12.106193+00:00'
[2025-11-04T12:06:17.536+0000] {taskinstance.py:430} INFO - ::endgroup::
[2025-11-04T12:06:52.290+0000] {local_task_job_runner.py:310} WARNING - State of this instance has been externally set to restarting. Terminating instance.
[2025-11-04T12:06:52.332+0000] {local_task_job_runner.py:222} INFO - ::endgroup::
[2025-11-04T12:06:52.502+0000] {process_utils.py:132} INFO - Sending 15 to group 625. PIDs of all processes in the group: [626, 625]
[2025-11-04T12:06:52.508+0000] {process_utils.py:87} INFO - Sending the signal 15 to group 625
[2025-11-04T12:06:52.511+0000] {taskinstance.py:2611} ERROR - Received SIGTERM. Terminating subprocesses.
[2025-11-04T12:06:52.514+0000] {taskinstance.py:441} INFO - ::group::Post task execution logs
[2025-11-04T12:06:52.556+0000] {taskinstance.py:2905} ERROR - Task failed with exception
Traceback (most recent call last):
  File "/home/airflow/.local/lib/python3.12/site-packages/airflow/models/taskinstance.py", line 465, in _execute_task
    result = _execute_callable(context=context, **execute_callable_kwargs)
             ^^^^^^^^^^^^^^^^^^^^^^^^^^^^^^^^^^^^^^^^^^^^^^^^^^^^^^^^^^^^^
  File "/home/airflow/.local/lib/python3.12/site-packages/airflow/models/taskinstance.py", line 432, in _execute_callable
    return execute_callable(context=context, **execute_callable_kwargs)
           ^^^^^^^^^^^^^^^^^^^^^^^^^^^^^^^^^^^^^^^^^^^^^^^^^^^^^^^^^^^^
  File "/home/airflow/.local/lib/python3.12/site-packages/airflow/models/baseoperator.py", line 401, in wrapper
    return func(self, *args, **kwargs)
           ^^^^^^^^^^^^^^^^^^^^^^^^^^^
  File "/home/airflow/.local/lib/python3.12/site-packages/airflow/operators/python.py", line 235, in execute
    return_value = self.execute_callable()
                   ^^^^^^^^^^^^^^^^^^^^^^^
  File "/home/airflow/.local/lib/python3.12/site-packages/airflow/operators/python.py", line 252, in execute_callable
    return self.python_callable(*self.op_args, **self.op_kwargs)
           ^^^^^^^^^^^^^^^^^^^^^^^^^^^^^^^^^^^^^^^^^^^^^^^^^^^^^
  File "/opt/airflow/dags/Pipeline.py", line 29, in run_data_generator
    time.sleep(60)
  File "/home/airflow/.local/lib/python3.12/site-packages/airflow/models/taskinstance.py", line 2613, in signal_handler
    raise AirflowTaskTerminated("Task received SIGTERM signal")
airflow.exceptions.AirflowTaskTerminated: Task received SIGTERM signal
[2025-11-04T12:06:52.632+0000] {taskinstance.py:1206} INFO - Marking task as UP_FOR_RETRY. dag_id=etl_pipeline, task_id=generate_data, run_id=manual__2025-11-04T12:06:12.106193+00:00, execution_date=20251104T120612, start_date=20251104T120615, end_date=20251104T120652
[2025-11-04T12:06:52.845+0000] {process_utils.py:80} INFO - Process psutil.Process(pid=625, status='terminated', exitcode=2, started='12:06:15') (625) terminated with exit code 2
[2025-11-04T12:06:52.888+0000] {process_utils.py:80} INFO - Process psutil.Process(pid=626, status='terminated', started='12:06:16') (626) terminated with exit code None
