[2025-11-04T13:24:35.155+0000] {local_task_job_runner.py:120} INFO - ::group::Pre task execution logs
[2025-11-04T13:24:35.225+0000] {taskinstance.py:2076} INFO - Dependencies all met for dep_context=non-requeueable deps ti=<TaskInstance: etl_pipeline.extract_data manual__2025-11-04T13:24:28.147704+00:00 [queued]>
[2025-11-04T13:24:35.247+0000] {taskinstance.py:2076} INFO - Dependencies all met for dep_context=requeueable deps ti=<TaskInstance: etl_pipeline.extract_data manual__2025-11-04T13:24:28.147704+00:00 [queued]>
[2025-11-04T13:24:35.250+0000] {taskinstance.py:2306} INFO - Starting attempt 1 of 1
[2025-11-04T13:24:35.277+0000] {taskinstance.py:2330} INFO - Executing <Task(PythonOperator): extract_data> on 2025-11-04 13:24:28.147704+00:00
[2025-11-04T13:24:35.295+0000] {standard_task_runner.py:90} INFO - Running: ['***', 'tasks', 'run', 'etl_pipeline', 'extract_data', 'manual__2025-11-04T13:24:28.147704+00:00', '--job-id', '71', '--raw', '--subdir', 'DAGS_FOLDER/Pipeline.py', '--cfg-path', '/tmp/tmpohyxlv5v']
[2025-11-04T13:24:35.300+0000] {standard_task_runner.py:91} INFO - Job 71: Subtask extract_data
[2025-11-04T13:24:35.307+0000] {logging_mixin.py:188} WARNING - /home/***/.local/lib/python3.12/site-packages/***/task/task_runner/standard_task_runner.py:61 DeprecationWarning: This process (pid=604) is multi-threaded, use of fork() may lead to deadlocks in the child.
[2025-11-04T13:24:35.308+0000] {standard_task_runner.py:63} INFO - Started process 605 to run task
[2025-11-04T13:24:35.422+0000] {task_command.py:426} INFO - Running <TaskInstance: etl_pipeline.extract_data manual__2025-11-04T13:24:28.147704+00:00 [running]> on host 948220e29537
[2025-11-04T13:24:35.597+0000] {taskinstance.py:2648} INFO - Exporting env vars: AIRFLOW_CTX_DAG_OWNER='***' AIRFLOW_CTX_DAG_ID='etl_pipeline' AIRFLOW_CTX_TASK_ID='extract_data' AIRFLOW_CTX_EXECUTION_DATE='2025-11-04T13:24:28.147704+00:00' AIRFLOW_CTX_TRY_NUMBER='1' AIRFLOW_CTX_DAG_RUN_ID='manual__2025-11-04T13:24:28.147704+00:00'
[2025-11-04T13:24:35.599+0000] {taskinstance.py:430} INFO - ::endgroup::
[2025-11-04T13:24:35.820+0000] {logging_mixin.py:188} INFO - STDOUT: 
[2025-11-04T13:24:35.821+0000] {logging_mixin.py:188} INFO - STDERR: Traceback (most recent call last):
  File "/opt/***/dags/ExtractData.py", line 1, in <module>
    from confluent_kafka import Consumer
ModuleNotFoundError: No module named 'confluent_kafka'
[2025-11-04T13:24:35.822+0000] {taskinstance.py:441} INFO - ::group::Post task execution logs
[2025-11-04T13:24:35.823+0000] {taskinstance.py:2905} ERROR - Task failed with exception
Traceback (most recent call last):
  File "/home/airflow/.local/lib/python3.12/site-packages/airflow/models/taskinstance.py", line 465, in _execute_task
    result = _execute_callable(context=context, **execute_callable_kwargs)
             ^^^^^^^^^^^^^^^^^^^^^^^^^^^^^^^^^^^^^^^^^^^^^^^^^^^^^^^^^^^^^
  File "/home/airflow/.local/lib/python3.12/site-packages/airflow/models/taskinstance.py", line 432, in _execute_callable
    return execute_callable(context=context, **execute_callable_kwargs)
           ^^^^^^^^^^^^^^^^^^^^^^^^^^^^^^^^^^^^^^^^^^^^^^^^^^^^^^^^^^^^
  File "/home/airflow/.local/lib/python3.12/site-packages/airflow/models/baseoperator.py", line 401, in wrapper
    return func(self, *args, **kwargs)
           ^^^^^^^^^^^^^^^^^^^^^^^^^^^
  File "/home/airflow/.local/lib/python3.12/site-packages/airflow/operators/python.py", line 235, in execute
    return_value = self.execute_callable()
                   ^^^^^^^^^^^^^^^^^^^^^^^
  File "/home/airflow/.local/lib/python3.12/site-packages/airflow/operators/python.py", line 252, in execute_callable
    return self.python_callable(*self.op_args, **self.op_kwargs)
           ^^^^^^^^^^^^^^^^^^^^^^^^^^^^^^^^^^^^^^^^^^^^^^^^^^^^^
  File "/opt/airflow/dags/Pipeline.py", line 47, in run_extract
    result.check_returncode()
  File "/usr/local/lib/python3.12/subprocess.py", line 502, in check_returncode
    raise CalledProcessError(self.returncode, self.args, self.stdout,
subprocess.CalledProcessError: Command '['python', '/opt/airflow/dags/ExtractData.py']' returned non-zero exit status 1.
[2025-11-04T13:24:35.842+0000] {taskinstance.py:1206} INFO - Marking task as FAILED. dag_id=etl_pipeline, task_id=extract_data, run_id=manual__2025-11-04T13:24:28.147704+00:00, execution_date=20251104T132428, start_date=20251104T132435, end_date=20251104T132435
[2025-11-04T13:24:35.857+0000] {standard_task_runner.py:110} ERROR - Failed to execute job 71 for task extract_data (Command '['python', '/opt/airflow/dags/ExtractData.py']' returned non-zero exit status 1.; 605)
[2025-11-04T13:24:35.887+0000] {local_task_job_runner.py:240} INFO - Task exited with return code 1
[2025-11-04T13:24:35.924+0000] {taskinstance.py:3503} INFO - 0 downstream tasks scheduled from follow-on schedule check
[2025-11-04T13:24:35.932+0000] {local_task_job_runner.py:222} INFO - ::endgroup::
