[2025-11-04T14:37:10.653+0000] {local_task_job_runner.py:120} INFO - ::group::Pre task execution logs
[2025-11-04T14:37:10.847+0000] {taskinstance.py:2076} INFO - Dependencies all met for dep_context=non-requeueable deps ti=<TaskInstance: etl_pipeline.generate_data manual__2025-11-04T14:37:08.469654+00:00 [queued]>
[2025-11-04T14:37:10.879+0000] {taskinstance.py:2076} INFO - Dependencies all met for dep_context=requeueable deps ti=<TaskInstance: etl_pipeline.generate_data manual__2025-11-04T14:37:08.469654+00:00 [queued]>
[2025-11-04T14:37:10.882+0000] {taskinstance.py:2306} INFO - Starting attempt 1 of 1
[2025-11-04T14:37:10.932+0000] {taskinstance.py:2330} INFO - Executing <Task(PythonOperator): generate_data> on 2025-11-04 14:37:08.469654+00:00
[2025-11-04T14:37:10.954+0000] {standard_task_runner.py:90} INFO - Running: ['***', 'tasks', 'run', 'etl_pipeline', 'generate_data', 'manual__2025-11-04T14:37:08.469654+00:00', '--job-id', '101', '--raw', '--subdir', 'DAGS_FOLDER/Pipeline.py', '--cfg-path', '/tmp/tmpuc2um4yb']
[2025-11-04T14:37:10.958+0000] {logging_mixin.py:188} WARNING - /home/***/.local/lib/python3.12/site-packages/***/task/task_runner/standard_task_runner.py:61 DeprecationWarning: This process (pid=200) is multi-threaded, use of fork() may lead to deadlocks in the child.
[2025-11-04T14:37:10.959+0000] {standard_task_runner.py:91} INFO - Job 101: Subtask generate_data
[2025-11-04T14:37:10.960+0000] {standard_task_runner.py:63} INFO - Started process 206 to run task
[2025-11-04T14:37:11.141+0000] {task_command.py:426} INFO - Running <TaskInstance: etl_pipeline.generate_data manual__2025-11-04T14:37:08.469654+00:00 [running]> on host 4bb0d6c98921
[2025-11-04T14:37:11.549+0000] {taskinstance.py:2648} INFO - Exporting env vars: AIRFLOW_CTX_DAG_OWNER='***' AIRFLOW_CTX_DAG_ID='etl_pipeline' AIRFLOW_CTX_TASK_ID='generate_data' AIRFLOW_CTX_EXECUTION_DATE='2025-11-04T14:37:08.469654+00:00' AIRFLOW_CTX_TRY_NUMBER='1' AIRFLOW_CTX_DAG_RUN_ID='manual__2025-11-04T14:37:08.469654+00:00'
[2025-11-04T14:37:11.552+0000] {taskinstance.py:430} INFO - ::endgroup::
[2025-11-04T14:37:28.883+0000] {logging_mixin.py:188} INFO - STDOUT: Sent Record to East Africa
Sent Record to East Africa
[2025-11-04T14:37:28.884+0000] {logging_mixin.py:188} INFO - STDERR: 
[2025-11-04T14:37:28.886+0000] {python.py:237} INFO - Done. Returned value was: None
[2025-11-04T14:37:28.888+0000] {taskinstance.py:441} INFO - ::group::Post task execution logs
[2025-11-04T14:37:28.905+0000] {taskinstance.py:1206} INFO - Marking task as SUCCESS. dag_id=etl_pipeline, task_id=generate_data, run_id=manual__2025-11-04T14:37:08.469654+00:00, execution_date=20251104T143708, start_date=20251104T143710, end_date=20251104T143728
[2025-11-04T14:37:28.970+0000] {local_task_job_runner.py:240} INFO - Task exited with return code 0
[2025-11-04T14:37:29.018+0000] {taskinstance.py:3503} INFO - 1 downstream tasks scheduled from follow-on schedule check
[2025-11-04T14:37:29.023+0000] {local_task_job_runner.py:222} INFO - ::endgroup::
