[2025-11-04T13:49:40.645+0000] {local_task_job_runner.py:120} INFO - ::group::Pre task execution logs
[2025-11-04T13:49:40.699+0000] {taskinstance.py:2076} INFO - Dependencies all met for dep_context=non-requeueable deps ti=<TaskInstance: etl_pipeline.extract_data manual__2025-11-04T13:49:32.580054+00:00 [queued]>
[2025-11-04T13:49:40.718+0000] {taskinstance.py:2076} INFO - Dependencies all met for dep_context=requeueable deps ti=<TaskInstance: etl_pipeline.extract_data manual__2025-11-04T13:49:32.580054+00:00 [queued]>
[2025-11-04T13:49:40.719+0000] {taskinstance.py:2306} INFO - Starting attempt 1 of 1
[2025-11-04T13:49:40.744+0000] {taskinstance.py:2330} INFO - Executing <Task(PythonOperator): extract_data> on 2025-11-04 13:49:32.580054+00:00
[2025-11-04T13:49:40.758+0000] {standard_task_runner.py:90} INFO - Running: ['***', 'tasks', 'run', 'etl_pipeline', 'extract_data', 'manual__2025-11-04T13:49:32.580054+00:00', '--job-id', '86', '--raw', '--subdir', 'DAGS_FOLDER/Pipeline.py', '--cfg-path', '/tmp/tmpwrd_2hg3']
[2025-11-04T13:49:40.764+0000] {standard_task_runner.py:91} INFO - Job 86: Subtask extract_data
[2025-11-04T13:49:40.763+0000] {logging_mixin.py:188} WARNING - /home/***/.local/lib/python3.12/site-packages/***/task/task_runner/standard_task_runner.py:61 DeprecationWarning: This process (pid=1128) is multi-threaded, use of fork() may lead to deadlocks in the child.
[2025-11-04T13:49:40.766+0000] {standard_task_runner.py:63} INFO - Started process 1129 to run task
[2025-11-04T13:49:40.861+0000] {task_command.py:426} INFO - Running <TaskInstance: etl_pipeline.extract_data manual__2025-11-04T13:49:32.580054+00:00 [running]> on host 948220e29537
[2025-11-04T13:49:41.009+0000] {taskinstance.py:2648} INFO - Exporting env vars: AIRFLOW_CTX_DAG_OWNER='***' AIRFLOW_CTX_DAG_ID='etl_pipeline' AIRFLOW_CTX_TASK_ID='extract_data' AIRFLOW_CTX_EXECUTION_DATE='2025-11-04T13:49:32.580054+00:00' AIRFLOW_CTX_TRY_NUMBER='1' AIRFLOW_CTX_DAG_RUN_ID='manual__2025-11-04T13:49:32.580054+00:00'
[2025-11-04T13:49:41.010+0000] {taskinstance.py:430} INFO - ::endgroup::
[2025-11-04T13:50:33.892+0000] {logging_mixin.py:188} INFO - STDOUT: 
[2025-11-04T13:50:33.893+0000] {logging_mixin.py:188} INFO - STDERR: %3|1762264183.758|FAIL|rdkafka#consumer-1| [thrd:localhost:9092/bootstrap]: localhost:9092/bootstrap: Connect to ipv4#127.0.0.1:9092 failed: Connection refused (after 4ms in state CONNECT)
%3|1762264183.806|FAIL|rdkafka#consumer-1| [thrd:localhost:9092/bootstrap]: localhost:9092/bootstrap: Connect to ipv4#127.0.0.1:9092 failed: Connection refused (after 0ms in state CONNECT, 1 identical error(s) suppressed)
%3|1762264213.854|FAIL|rdkafka#consumer-1| [thrd:localhost:9092/bootstrap]: localhost:9092/bootstrap: Connect to ipv4#127.0.0.1:9092 failed: Connection refused (after 0ms in state CONNECT, 583 identical error(s) suppressed)
[2025-11-04T13:50:33.894+0000] {python.py:237} INFO - Done. Returned value was: None
[2025-11-04T13:50:33.894+0000] {taskinstance.py:441} INFO - ::group::Post task execution logs
[2025-11-04T13:50:33.904+0000] {taskinstance.py:1206} INFO - Marking task as SUCCESS. dag_id=etl_pipeline, task_id=extract_data, run_id=manual__2025-11-04T13:49:32.580054+00:00, execution_date=20251104T134932, start_date=20251104T134940, end_date=20251104T135033
[2025-11-04T13:50:33.927+0000] {local_task_job_runner.py:240} INFO - Task exited with return code 0
[2025-11-04T13:50:33.951+0000] {taskinstance.py:3503} INFO - 1 downstream tasks scheduled from follow-on schedule check
[2025-11-04T13:50:33.954+0000] {local_task_job_runner.py:222} INFO - ::endgroup::
